2024-03-02 12:04:05   
Traceback (most recent call last):
  File "/home/ningzhang/Documents/project/STGL-local-matching/local_pipeline/evaluatesift.py", line 52, in <module>
    validate_process(args)
  File "/home/ningzhang/anaconda3/envs/ning_gl/lib/python3.10/site-packages/torch/utils/_contextlib.py", line 115, in decorate_context
    return func(*args, **kwargs)
  File "/home/ningzhang/Documents/project/STGL-local-matching/local_pipeline/evaluatesift.py", line 29, in validate_process
    val_loader = datasets.fetch_dataloader(args, split='val')
  File "/home/ningzhang/Documents/project/STGL-local-matching/local_pipeline/datasets_4cor_img.py", line 364, in fetch_dataloader
    train_dataset = MYDATA(args, args.datasets_folder, args.dataset_name, split, exclude_val_region=exclude_val_region)
  File "/home/ningzhang/Documents/project/STGL-local-matching/local_pipeline/datasets_4cor_img.py", line 193, in __init__
    for index, queries_image_name in enumerate(queries_folder_h5_df["image_name"]):
  File "/home/ningzhang/anaconda3/envs/ning_gl/lib/python3.10/site-packages/h5py/_hl/dataset.py", line 715, in __iter__
    yield self[i]
  File "h5py/_objects.pyx", line 54, in h5py._objects.with_phil.wrapper
  File "h5py/_objects.pyx", line 55, in h5py._objects.with_phil.wrapper
  File "/home/ningzhang/anaconda3/envs/ning_gl/lib/python3.10/site-packages/h5py/_hl/dataset.py", line 831, in __getitem__
    selection = sel.select(self.shape, args, dataset=self)
  File "/home/ningzhang/anaconda3/envs/ning_gl/lib/python3.10/site-packages/h5py/_hl/selections.py", line 82, in select
    return selector.make_selection(args)
  File "h5py/_selector.pyx", line 290, in h5py._selector.Selector.make_selection
  File "<frozen importlib._bootstrap>", line 404, in parent
KeyboardInterrupt

